<?xml version="1.0" encoding="UTF-8"?>
<testng-results skipped="0" failed="0" ignored="0" total="1" passed="1">
  <reporter-output>
  </reporter-output>
  <suite name="Default suite" duration-ms="19715" started-at="2018-12-25T03:16:01Z" finished-at="2018-12-25T03:16:21Z">
    <groups>
    </groups>
    <test name="Default test" duration-ms="19715" started-at="2018-12-25T03:16:01Z" finished-at="2018-12-25T03:16:21Z">
      <class name="com.crm.qa.testCases.ContactsPageTest">
        <test-method status="PASS" signature="setUp()[pri:0, instance:com.crm.qa.testCases.ContactsPageTest@27efef64]" name="setUp" is-config="true" duration-ms="13174" started-at="2018-12-24T22:16:01Z" finished-at="2018-12-24T22:16:15Z">
          <reporter-output>
          </reporter-output>
        </test-method> <!-- setUp -->
        <test-method status="PASS" signature="createNewContactTest()[pri:3, instance:com.crm.qa.testCases.ContactsPageTest@27efef64]" name="createNewContactTest" duration-ms="5478" started-at="2018-12-24T22:16:15Z" finished-at="2018-12-24T22:16:20Z">
          <reporter-output>
          </reporter-output>
        </test-method> <!-- createNewContactTest -->
        <test-method status="PASS" signature="tearDown()[pri:0, instance:com.crm.qa.testCases.ContactsPageTest@27efef64]" name="tearDown" is-config="true" duration-ms="995" started-at="2018-12-24T22:16:20Z" finished-at="2018-12-24T22:16:21Z">
          <reporter-output>
          </reporter-output>
        </test-method> <!-- tearDown -->
      </class> <!-- com.crm.qa.testCases.ContactsPageTest -->
    </test> <!-- Default test -->
  </suite> <!-- Default suite -->
</testng-results>
