<?xml version="1.0" encoding="UTF-8"?>
<!-- Generated by org.testng.reporters.JUnitReportReporter -->
<testsuite skipped="0" hostname="BEL-FAMILLE" name="com.crm.qa.testCases.LoginPageTest" tests="3" failures="0" timestamp="23 déc. 2018 22:34:32 GMT" time="36.870" errors="0">
  <testcase name="doLoginTest" time="22.332" classname="com.crm.qa.testCases.LoginPageTest"/>
  <testcase name="loginPageTitleTest" time="7.590" classname="com.crm.qa.testCases.LoginPageTest"/>
  <testcase name="CrmImageTitle" time="6.948" classname="com.crm.qa.testCases.LoginPageTest"/>
</testsuite> <!-- com.crm.qa.testCases.LoginPageTest -->
